INFO - 01/04/25 13:13:18 - 0:00:00 - ============ Initialized logger ============
INFO - 01/04/25 13:13:18 - 0:00:00 - batch_size: 32
                                     command: python C:\Users\Winston\Documents\Math-AI\transformers_math_experiments\fc_loop.py --num_initial_empty_objects=40000 --final_database_size=10000 --target_db_size=40000 --sample-only=40000 --nb_threads=16 --nb_local_searches=3200 --num-workers=20 --max-steps=20000 --max_epochs=30000 --seed=-1 --top-k=-1 --type=transformer --n-layer=4 --n-head=8 --n-embd=64 --n-embd2=32 --batch-size=32 --learning-rate=5e-4 --weight-decay=0.01 --max-output-length=160 --gen_batch_size=1000 --n_tokens=100 --temperature=1.0 --dump_path=checkpoint --exp_name=debug --local_rank=-1 --master_port=-1 --cpu=false --debug_slurm=False --exp_id "aq85xfxdqt"
                                     cpu: False
                                     debug: False
                                     debug_slurm: False
                                     dump_path: checkpoint\debug\aq85xfxdqt
                                     exp_id: aq85xfxdqt
                                     exp_name: debug
                                     final_database_size: 10000
                                     gen_batch_size: 1000
                                     global_rank: 0
                                     is_master: True
                                     is_slurm_job: False
                                     learning_rate: 0.0005
                                     local_rank: 0
                                     master_port: -1
                                     max_epochs: 30000
                                     max_output_length: 160
                                     max_steps: 20000
                                     multi_gpu: False
                                     multi_node: False
                                     n_embd: 64
                                     n_embd2: 32
                                     n_gpu_per_node: 1
                                     n_head: 8
                                     n_layer: 4
                                     n_nodes: 1
                                     n_tokens: 100
                                     nb_local_searches: 3200
                                     nb_threads: 16
                                     node_id: 0
                                     num_initial_empty_objects: 40000
                                     num_workers: 20
                                     sample_only: 40000
                                     seed: -1
                                     target_db_size: 40000
                                     temperature: 1.0
                                     top_k: -1
                                     type: transformer
                                     weight_decay: 0.01
                                     world_size: 1
INFO - 01/04/25 13:13:18 - 0:00:00 - The experiment will be stored in checkpoint\debug\aq85xfxdqt
                                     
INFO - 01/04/25 13:13:18 - 0:00:00 - Running command: python C:\Users\Winston\Documents\Math-AI\transformers_math_experiments\fc_loop.py --num_initial_empty_objects=40000 --final_database_size=10000 --target_db_size=40000 --sample-only=40000 --nb_threads=16 --nb_local_searches=3200 --num-workers=20 --max-steps=20000 --max_epochs=30000 --seed=-1 --top-k=-1 --type=transformer --n-layer=4 --n-head=8 --n-embd=64 --n-embd2=32 --batch-size=32 --learning-rate=5e-4 --weight-decay=0.01 --max-output-length=160 --gen_batch_size=1000 --n_tokens=100 --temperature=1.0 --dump_path=checkpoint --exp_name=debug --local_rank=-1 --master_port=-1 --cpu=false --debug_slurm=False

INFO - 01/04/25 13:13:18 - 0:00:00 - seed: 489278623
INFO - 01/04/25 13:13:18 - 0:00:00 - JULIA_NUM_THREADS is set to 16
INFO - 01/04/25 13:13:26 - 0:00:09 - Created checkpoint\debug\aq85xfxdqt\temp.txt and training tokenizer...
INFO - 01/04/25 13:13:26 - 0:00:09 - Directory 'checkpoint\debug\aq85xfxdqt/tokenizer_data' created.
INFO - 01/04/25 13:13:27 - 0:00:10 - File 'checkpoint\debug\aq85xfxdqt\temp.txt' has been deleted.
INFO - 01/04/25 13:13:27 - 0:00:10 - 0 / 10000
INFO - 01/04/25 13:13:28 - 0:00:10 - initializing at generation: 1
INFO - 01/04/25 13:13:28 - 0:00:10 - number of examples in the dataset: 10000
INFO - 01/04/25 13:13:28 - 0:00:10 - max word length: 39
INFO - 01/04/25 13:13:28 - 0:00:10 - number of unique characters in the vocabulary: 100
INFO - 01/04/25 13:13:28 - 0:00:10 - vocabulary:
INFO - 01/04/25 13:13:28 - 0:00:10 - ['V0', 'V1', 'V2', 'V3', 'V4', 'V5', 'V6', 'V7', 'V8', 'V9', 'V10', 'V11', 'V12', 'V13', 'V14', 'V15', 'V16', 'V17', 'V18', 'V19', 'V20', 'V21', 'V22', 'V23', 'V24', 'V25', 'V26', 'V27', 'V28', 'V29', 'V30', 'V31', 'V32', 'V33', 'V34', 'V35', 'V36', 'V37', 'V38', 'V39', 'V40', 'V41', 'V42', 'V43', 'V44', 'V45', 'V46', 'V47', 'V48', 'V49', 'V50', 'V51', 'V52', 'V53', 'V54', 'V55', 'V56', 'V57', 'V58', 'V59', 'V60', 'V61', 'V62', 'V63', 'V64', 'V65', 'V66', 'V67', 'V68', 'V69', 'V70', 'V71', 'V72', 'V73', 'V74', 'V75', 'V76', 'V77', 'V78', 'V79', 'V80', 'V81', 'V82', 'V83', 'V84', 'V85', 'V86', 'V87', 'V88', 'V89', 'V90', 'V91', 'V92', 'V93', 'V94', 'V95', 'V96', 'V97', 'V98', 'V99']
INFO - 01/04/25 13:13:28 - 0:00:10 - split up the dataset into 9000 training examples and 1000 test examples
INFO - 01/04/25 13:13:28 - 0:00:10 - dataset determined that: vocab_size=101, block_size=161
INFO - 01/04/25 13:13:28 - 0:00:11 - model #params: 223296
INFO - 01/04/25 13:13:28 - 0:00:11 - ============ Start of generation 1 ============
INFO - 01/04/25 13:13:28 - 0:00:11 - Memory allocated:  1.26MB, reserved: 2.00MB
INFO - 01/04/25 13:13:28 - 0:00:11 - training
INFO - 01/04/25 13:14:00 - 0:00:43 - step 0 | loss 4.7504 | step time 779.75ms
INFO - 01/04/25 13:14:04 - 0:00:46 - step 100 | loss 3.9980 | step time 35.73ms
INFO - 01/04/25 13:14:08 - 0:00:50 - step 200 | loss 3.8920 | step time 34.90ms
INFO - 01/04/25 13:14:12 - 0:00:54 - step 300 | loss 3.8919 | step time 35.62ms
INFO - 01/04/25 13:14:15 - 0:00:58 - step 400 | loss 3.8639 | step time 34.15ms
INFO - 01/04/25 13:14:19 - 0:01:01 - step 500 | loss 3.7962 | step time 34.22ms
INFO - 01/04/25 13:14:20 - 0:01:02 - step 500 train loss: 3.8428955078125 test loss: 3.8493762016296387
INFO - 01/04/25 13:14:20 - 0:01:02 - test loss 3.8493762016296387 is the best so far, saving model to checkpoint\debug\aq85xfxdqt\model.pt
INFO - 01/04/25 13:14:24 - 0:01:06 - step 600 | loss 3.8604 | step time 33.68ms
INFO - 01/04/25 13:14:27 - 0:01:10 - step 700 | loss 3.8370 | step time 36.15ms
INFO - 01/04/25 13:14:31 - 0:01:13 - step 800 | loss 3.7539 | step time 33.84ms
INFO - 01/04/25 13:14:34 - 0:01:17 - step 900 | loss 3.8075 | step time 36.82ms
INFO - 01/04/25 13:14:38 - 0:01:21 - step 1000 | loss 3.7520 | step time 37.12ms
INFO - 01/04/25 13:14:39 - 0:01:21 - step 1000 train loss: 3.781186819076538 test loss: 3.794792890548706
INFO - 01/04/25 13:14:39 - 0:01:21 - test loss 3.794792890548706 is the best so far, saving model to checkpoint\debug\aq85xfxdqt\model.pt
INFO - 01/04/25 13:14:43 - 0:01:25 - step 1100 | loss 3.7662 | step time 34.34ms
INFO - 01/04/25 13:14:46 - 0:01:28 - step 1200 | loss 3.7108 | step time 34.95ms
INFO - 01/04/25 13:14:50 - 0:01:32 - step 1300 | loss 3.7902 | step time 46.58ms
INFO - 01/04/25 13:14:53 - 0:01:36 - step 1400 | loss 3.7424 | step time 35.33ms
INFO - 01/04/25 13:14:57 - 0:01:39 - step 1500 | loss 3.7262 | step time 36.42ms
INFO - 01/04/25 13:14:58 - 0:01:40 - step 1500 train loss: 3.7465925216674805 test loss: 3.7726948261260986
INFO - 01/04/25 13:14:58 - 0:01:40 - test loss 3.7726948261260986 is the best so far, saving model to checkpoint\debug\aq85xfxdqt\model.pt
INFO - 01/04/25 13:15:01 - 0:01:44 - step 1600 | loss 3.7738 | step time 33.93ms
INFO - 01/04/25 13:15:05 - 0:01:47 - step 1700 | loss 3.7556 | step time 43.85ms
INFO - 01/04/25 13:15:09 - 0:01:51 - step 1800 | loss 3.6604 | step time 36.23ms
INFO - 01/04/25 13:15:12 - 0:01:55 - step 1900 | loss 3.7162 | step time 34.42ms
